brk
	    num calls:        1   0% of syscalls
	     tot time: 0.000006   0% of syscall time,  0% of wall time
	avg call time: 0.000006
	          +/-: 0.000000
	med call time: 0.000006

	 min/hist/max: 0.000006 [0 0 0 0 1 0 0 0 0 0] 0.000006

read(3
	    num calls:        1   0% of syscalls
	     tot time: 0.000007   0% of syscall time,  0% of wall time
	avg call time: 0.000007
	          +/-: 0.000000
	med call time: 0.000007

	 min/hist/max: 0.000007 [0 0 0 0 0 1 0 0 0 0] 0.000007

accept(3
	    num calls:        1   0% of syscalls
	     tot time: 0.000009   0% of syscall time,  0% of wall time
	avg call time: 0.000009
	          +/-: 0.000000
	med call time: 0.000009

	 min/hist/max: 0.000009 [0 0 0 0 0 1 0 0 0 0] 0.000009

bind(3
	    num calls:        1   0% of syscalls
	     tot time: 0.000009   0% of syscall time,  0% of wall time
	avg call time: 0.000009
	          +/-: 0.000000
	med call time: 0.000009

	 min/hist/max: 0.000009 [0 0 0 0 0 1 0 0 0 0] 0.000009

arch_prctl
	    num calls:        1   0% of syscalls
	     tot time: 0.000010   0% of syscall time,  0% of wall time
	avg call time: 0.000010
	          +/-: 0.000000
	med call time: 0.000010

	 min/hist/max: 0.000010 [0 0 0 0 1 0 0 0 0 0] 0.000010

listen(3
	    num calls:        1   0% of syscalls
	     tot time: 0.000010   0% of syscall time,  0% of wall time
	avg call time: 0.000010
	          +/-: 0.000000
	med call time: 0.000010

	 min/hist/max: 0.000010 [0 0 0 0 1 0 0 0 0 0] 0.000010

fstat(3
	    num calls:        2   0% of syscalls
	     tot time: 0.000010   0% of syscall time,  0% of wall time
	avg call time: 0.000005
	          +/-: 0.000000
	med call time: 0.000005

	 min/hist/max: 0.000005 [0 0 0 0 0 2 0 0 0 0] 0.000005

munmap
	    num calls:        1   0% of syscalls
	     tot time: 0.000010   0% of syscall time,  0% of wall time
	avg call time: 0.000010
	          +/-: 0.000000
	med call time: 0.000010

	 min/hist/max: 0.000010 [0 0 0 0 1 0 0 0 0 0] 0.000010

close(3
	    num calls:        2   0% of syscalls
	     tot time: 0.000011   0% of syscall time,  0% of wall time
	avg call time: 0.000005
	          +/-: 0.000000
	med call time: 0.000005

	 min/hist/max: 0.000005 [1 0 0 0 0 0 0 0 0 1] 0.000006

access
	    num calls:        1   0% of syscalls
	     tot time: 0.000017   0% of syscall time,  0% of wall time
	avg call time: 0.000017
	          +/-: 0.000000
	med call time: 0.000017

	 min/hist/max: 0.000017 [0 0 0 0 0 1 0 0 0 0] 0.000017

socket
	    num calls:        2   0% of syscalls
	     tot time: 0.000018   0% of syscall time,  0% of wall time
	avg call time: 0.000009
	          +/-: 0.000001
	med call time: 0.000009

	 min/hist/max: 0.000008 [1 0 0 0 0 0 0 0 0 1] 0.000010

mprotect
	    num calls:        3   0% of syscalls
	     tot time: 0.000023   0% of syscall time,  0% of wall time
	avg call time: 0.000008
	          +/-: 0.000000
	med call time: 0.000008

	 min/hist/max: 0.000007 [1 0 0 0 0 0 0 0 0 2] 0.000008

connect(4
	    num calls:        1   0% of syscalls
	     tot time: 0.000037   0% of syscall time,  0% of wall time
	avg call time: 0.000037
	          +/-: 0.000000
	med call time: 0.000037

	 min/hist/max: 0.000037 [0 0 0 0 1 0 0 0 0 0] 0.000037

brk(0
	    num calls:        2   0% of syscalls
	     tot time: 0.000038   0% of syscall time,  0% of wall time
	avg call time: 0.000019
	          +/-: 0.000013
	med call time: 0.000019

	 min/hist/max: 0.000006 [1 0 0 0 0 0 0 0 0 1] 0.000032

mmap
	    num calls:        7   0% of syscalls
	     tot time: 0.000163   0% of syscall time,  0% of wall time
	avg call time: 0.000023
	          +/-: 0.000039
	med call time: 0.000007

	 min/hist/max: 0.000006 [6 0 0 0 0 0 0 0 0 1] 0.000118

stat
	    num calls:       24   0% of syscalls
	     tot time: 0.000209   0% of syscall time,  0% of wall time
	avg call time: 0.000009
	          +/-: 0.000003
	med call time: 0.000008

	 min/hist/max: 0.000007 [19  1  3  0  0  0  0  0  0  1] 0.000022

open
	    num calls:       29   0% of syscalls
	     tot time: 0.000299   0% of syscall time,  0% of wall time
	avg call time: 0.000010
	          +/-: 0.000006
	med call time: 0.000009

	 min/hist/max: 0.000008 [27  1  0  0  0  0  0  0  0  1] 0.000044

execve
	    num calls:        1   0% of syscalls
	     tot time: 0.002719   0% of syscall time,  0% of wall time
	avg call time: 0.002719
	          +/-: 0.000000
	med call time: 0.002719

	 min/hist/max: 0.002719 [0 0 0 0 1 0 0 0 0 0] 0.002719

read(6
	    num calls:     5000  12% of syscalls
	     tot time: 0.032761   5% of syscall time,  2% of wall time
	avg call time: 0.000007
	          +/-: 0.000001
	med call time: 0.000007

	 min/hist/max: 0.000005 [2297 2674   12   10    3    3    0    0    0    1] 0.000017

write(8
	    num calls:    10000  25% of syscalls
	     tot time: 0.065425   9% of syscall time,  4% of wall time
	avg call time: 0.000007
	          +/-: 0.000001
	med call time: 0.000007

	 min/hist/max: 0.000005 [9933   46   16    3    1    0    0    0    0    1] 0.000027

recvfrom(5
	    num calls:    10000  25% of syscalls
	     tot time: 0.098670  14% of syscall time,  6% of wall time
	avg call time: 0.000010
	          +/-: 0.000002
	med call time: 0.000010

	 min/hist/max: 0.000006 [9992    3    0    0    2    0    0    2    0    1] 0.000110

sendto(4
	    num calls:    10000  25% of syscalls
	     tot time: 0.101630  15% of syscall time,  6% of wall time
	avg call time: 0.000010
	          +/-: 0.000001
	med call time: 0.000010

	 min/hist/max: 0.000008 [9986   11    0    0    0    2    0    0    0    1] 0.000089

read(7
	    num calls:     5000  12% of syscalls
	     tot time: 0.398393  57% of syscall time, 23% of wall time
	avg call time: 0.000080
	          +/-: 0.000003
	med call time: 0.000078

	 min/hist/max: 0.000077 [4977    9    5    4    2    1    0    0    0    2] 0.000178

